
Started GET / for :: ::1 at Thu Feb 22 2024 21:02:48 GMT-0300 (hora estándar de Brasilia)
  Parameters in body: {}
Completed: 404 message:  Time response: 7 ms Request ID: [3b1be182-3b18-4173-9085-0f57cca86eae]

Started GET / for :: ::1 at Fri Feb 23 2024 00:28:59 GMT-0300 (hora estándar de Brasilia)
  Parameters in body: {}
Completed: 404 message:  Time response: 8 ms Request ID: [84e0d9e1-488f-4a91-b524-29f437573e81]

Started GET / for :: ::1 at Fri Feb 23 2024 00:46:08 GMT-0300 (hora estándar de Brasilia)
  Parameters in body: {}
Completed: 404 message:  Time response: 5 ms Request ID: [a7ed6903-6c78-4cef-bb2e-d463b2310dd1]

Started GET / for :: ::1 at Fri Feb 23 2024 00:46:13 GMT-0300 (hora estándar de Brasilia)
  Parameters in body: {}
Completed: 404 message:  Time response: 1 ms Request ID: [ec093d6c-cf69-4f7a-8116-23078b855c2c]

Started GET / for :: ::1 at Fri Feb 23 2024 00:47:55 GMT-0300 (hora estándar de Brasilia)
  Parameters in body: {}
Completed: 404 message:  Time response: 5 ms Request ID: [15290a13-6910-4a24-9661-4bf0a30a7e67]

Started GET / for :: ::1 at Fri Feb 23 2024 00:48:02 GMT-0300 (hora estándar de Brasilia)
  Parameters in body: {}
Completed: 404 message:  Time response: 1 ms Request ID: [742a6a1f-ed5f-4b02-bd8c-fea4af0e9183]

Started GET / for :: ::1 at Fri Feb 23 2024 00:48:03 GMT-0300 (hora estándar de Brasilia)
  Parameters in body: {}
Completed: 404 message:  Time response: 2 ms Request ID: [45a28209-a1d9-44a0-91c8-d9b6ae1d22b1]

Started GET / for :: ::1 at Fri Feb 23 2024 00:48:03 GMT-0300 (hora estándar de Brasilia)
  Parameters in body: {}
Completed: 404 message:  Time response: 1 ms Request ID: [9bfc0a24-2ed4-4b8d-89f9-d4fc0d0c4300]

Started GET / for :: ::1 at Fri Feb 23 2024 00:48:03 GMT-0300 (hora estándar de Brasilia)
  Parameters in body: {}
Completed: 404 message:  Time response: 1 ms Request ID: [73d291be-ed75-4cdb-b39a-7051a3a9d5c3]

Started GET / for :: ::1 at Fri Feb 23 2024 00:48:03 GMT-0300 (hora estándar de Brasilia)
  Parameters in body: {}
Completed: 404 message:  Time response: 2 ms Request ID: [3eb25fe2-6d6f-42bf-bfed-e1ad72d37d6c]

Started GET / for :: ::1 at Fri Feb 23 2024 00:48:04 GMT-0300 (hora estándar de Brasilia)
  Parameters in body: {}
Completed: 404 message:  Time response: 2 ms Request ID: [29a640bd-6869-4972-8eb9-4172a6ce3980]

Started GET / for :: ::1 at Fri Feb 23 2024 00:50:17 GMT-0300 (hora estándar de Brasilia)
  Parameters in body: {}
Completed: 404 message:  Time response: 5 ms Request ID: [55194e59-e3c7-4712-a8a0-6a175128ad52]

Started GET / for :: ::1 at Fri Feb 23 2024 00:50:21 GMT-0300 (hora estándar de Brasilia)
  Parameters in body: {}
Completed: 404 message:  Time response: 2 ms Request ID: [09052878-68dd-44b6-87f0-4bcc33c3c8b2]

Started GET / for :: ::1 at Fri Feb 23 2024 00:50:36 GMT-0300 (hora estándar de Brasilia)
  Parameters in body: {}
Completed: 404 message:  Time response: 5 ms Request ID: [a86fee50-f58b-4004-8e71-43abf21dc720]

Started GET / for :: ::1 at Fri Feb 23 2024 00:57:54 GMT-0300 (hora estándar de Brasilia)
  Parameters in body: {}
Completed: 404 message:  Time response: 6 ms Request ID: [e518b079-c29c-403b-bb2e-7fbb6c77876c]

Started GET / for :: ::1 at Fri Feb 23 2024 00:57:56 GMT-0300 (hora estándar de Brasilia)
  Parameters in body: {}
Completed: 404 message:  Time response: 2 ms Request ID: [fb4b92f8-9323-42f4-ac76-a194e914db8b]

Started GET / for :: ::1 at Fri Feb 23 2024 00:58:19 GMT-0300 (hora estándar de Brasilia)
  Parameters in body: {}
Completed: 404 message:  Time response: 5 ms Request ID: [a61a330e-7375-4dfc-bb64-a11611edfa85]

Started GET / for :: ::1 at Fri Feb 23 2024 00:58:31 GMT-0300 (hora estándar de Brasilia)
  Parameters in body: {}
Completed: 404 message:  Time response: 5 ms Request ID: [49eb596e-b5f7-41f6-bdea-c4339fa3f9a0]

Started GET / for :: ::1 at Fri Feb 23 2024 00:58:32 GMT-0300 (hora estándar de Brasilia)
  Parameters in body: {}
Completed: 404 message:  Time response: 2 ms Request ID: [d7674183-8cc9-4a5c-bf2b-55085a7877e9]

Started GET / for :: ::1 at Fri Feb 23 2024 00:58:32 GMT-0300 (hora estándar de Brasilia)
  Parameters in body: {}
Completed: 404 message:  Time response: 1 ms Request ID: [14c85c41-0039-4989-a3d6-1eae01ff3b84]

Started GET / for :: ::1 at Fri Feb 23 2024 00:58:33 GMT-0300 (hora estándar de Brasilia)
  Parameters in body: {}
Completed: 404 message:  Time response: 2 ms Request ID: [59caf66c-74c4-49b2-9458-4b86ebb054f7]

Started GET / for :: ::1 at Fri Feb 23 2024 00:58:33 GMT-0300 (hora estándar de Brasilia)
  Parameters in body: {}
Completed: 404 message:  Time response: 2 ms Request ID: [1d94e314-59bc-4293-a207-ea476e54c24f]

Started GET / for :: ::1 at Fri Feb 23 2024 00:58:33 GMT-0300 (hora estándar de Brasilia)
  Parameters in body: {}
Completed: 404 message:  Time response: 1 ms Request ID: [ff4dbfa2-8a25-44ec-96fd-e381acd7543a]

Started GET / for :: ::1 at Fri Feb 23 2024 00:58:33 GMT-0300 (hora estándar de Brasilia)
  Parameters in body: {}
Completed: 404 message:  Time response: 1 ms Request ID: [7ff93fbe-31a0-4032-93f7-03a3b976bd29]

Started GET / for :: ::1 at Fri Feb 23 2024 00:58:33 GMT-0300 (hora estándar de Brasilia)
  Parameters in body: {}
Completed: 404 message:  Time response: 1 ms Request ID: [e5d2554f-1197-4e75-901a-defe239a8d74]

Started GET / for :: ::1 at Fri Feb 23 2024 00:58:33 GMT-0300 (hora estándar de Brasilia)
  Parameters in body: {}
Completed: 404 message:  Time response: 2 ms Request ID: [47705187-6661-4b9c-85aa-2c9add4f4b68]

Started GET / for :: ::1 at Fri Feb 23 2024 00:58:33 GMT-0300 (hora estándar de Brasilia)
  Parameters in body: {}
Completed: 404 message:  Time response: 2 ms Request ID: [13c91cd0-b9e7-49d9-a604-5c4dd2dea43d]

Started GET / for :: ::1 at Fri Feb 23 2024 01:04:29 GMT-0300 (hora estándar de Brasilia)
  Parameters in body: {}
Completed: 404 message:  Time response: 5 ms Request ID: [78827fe2-6041-44be-9a6d-7d1839d834e8]

Started GET / for :: ::1 at Fri Feb 23 2024 01:06:46 GMT-0300 (hora estándar de Brasilia)
  Parameters in body: {}
Completed: 404 message:  Time response: 5 ms Request ID: [32264391-32d9-46c9-b283-4749b313a367]

Started GET / for :: ::1 at Fri Feb 23 2024 01:06:46 GMT-0300 (hora estándar de Brasilia)
  Parameters in body: {}
Completed: 404 message:  Time response: 1 ms Request ID: [029b3dda-5932-4a55-936f-34b76dc817bb]

Started GET / for :: ::1 at Fri Feb 23 2024 01:06:59 GMT-0300 (hora estándar de Brasilia)
  Parameters in body: {}
Completed: 404 message:  Time response: 5 ms Request ID: [3097ef5f-6aa1-4733-9893-11d84195f3cc]

Started GET / for :: ::1 at Fri Feb 23 2024 01:06:59 GMT-0300 (hora estándar de Brasilia)
  Parameters in body: {}
Completed: 404 message:  Time response: 1 ms Request ID: [05072f81-42e0-4c6b-a830-c76aaff48db4]

Started GET / for :: ::1 at Fri Feb 23 2024 01:07:00 GMT-0300 (hora estándar de Brasilia)
  Parameters in body: {}
Completed: 404 message:  Time response: 1 ms Request ID: [8f041b3e-79ac-4a75-acac-408277ddfe65]

Started GET / for :: ::1 at Fri Feb 23 2024 01:07:00 GMT-0300 (hora estándar de Brasilia)
  Parameters in body: {}
Completed: 404 message:  Time response: 1 ms Request ID: [1a57ee06-8fcc-4722-8c08-f14769dda747]

Started GET / for :: ::1 at Fri Feb 23 2024 01:08:58 GMT-0300 (hora estándar de Brasilia)
  Parameters in body: {}
Completed: 404 message:  Time response: 6 ms Request ID: [88337d52-a64f-45bf-99fd-c67a4341b371]

Started GET / for :: ::1 at Fri Feb 23 2024 01:09:45 GMT-0300 (hora estándar de Brasilia)
  Parameters in body: {}
Completed: 404 message:  Time response: 6 ms Request ID: [ce876613-5d4c-4b27-8162-92af165b1e1b]

Started GET / for :: ::1 at Fri Feb 23 2024 01:09:46 GMT-0300 (hora estándar de Brasilia)
  Parameters in body: {}
Completed: 404 message:  Time response: 2 ms Request ID: [9522f0a5-89e2-423f-a6c4-5ef2c95fa292]

Started GET / for :: ::1 at Fri Feb 23 2024 01:09:46 GMT-0300 (hora estándar de Brasilia)
  Parameters in body: {}
Completed: 404 message:  Time response: 2 ms Request ID: [064ea1b2-83e3-453f-a591-d4a8cb1e7438]

Started GET / for :: ::1 at Fri Feb 23 2024 01:10:45 GMT-0300 (hora estándar de Brasilia)
  Parameters in body: {}
Completed: 404 message:  Time response: 5 ms Request ID: [8808ec1e-02d3-435d-84ce-ae6c5a4c14bd]

Started GET / for :: ::1 at Fri Feb 23 2024 01:14:05 GMT-0300 (hora estándar de Brasilia)
  Parameters in body: {}
Completed: 404 message:  Time response: 5 ms Request ID: [8ec69f79-31c2-408c-b6f6-0cb8d32e15f2]

Started GET / for :: ::1 at Fri Feb 23 2024 01:14:35 GMT-0300 (hora estándar de Brasilia)
  Parameters in body: {}
Completed: 404 message:  Time response: 5 ms Request ID: [5e19a136-8416-4d1c-903e-79a347dbca58]

Started GET / for :: ::1 at Fri Feb 23 2024 01:14:40 GMT-0300 (hora estándar de Brasilia)
  Parameters in body: {}
Completed: 404 message:  Time response: 6 ms Request ID: [eed119dc-e26d-4550-9bc9-8e59e7afb333]

Started GET / for :: ::1 at Fri Feb 23 2024 01:14:41 GMT-0300 (hora estándar de Brasilia)
  Parameters in body: {}
Completed: 404 message:  Time response: 2 ms Request ID: [ccfda94a-75ce-4b4e-843c-0d5c43cf6cee]

Started GET / for :: ::1 at Fri Feb 23 2024 01:14:53 GMT-0300 (hora estándar de Brasilia)
  Parameters in body: {}
Completed: 404 message:  Time response: 6 ms Request ID: [65615fc4-76b3-4a2e-80a1-ba3071b601df]

Started GET / for :: ::1 at Fri Feb 23 2024 01:14:53 GMT-0300 (hora estándar de Brasilia)
  Parameters in body: {}
Completed: 404 message:  Time response: 2 ms Request ID: [f59a3347-de95-4c6c-9b7a-5e60988faddf]

Started GET / for :: ::1 at Fri Feb 23 2024 01:14:53 GMT-0300 (hora estándar de Brasilia)
  Parameters in body: {}
Completed: 404 message:  Time response: 2 ms Request ID: [e293a85e-50e8-4ac7-a00c-e39e83863ae9]

Started GET / for :: ::1 at Fri Feb 23 2024 01:18:59 GMT-0300 (hora estándar de Brasilia)
  Parameters in body: {}
Completed: 404 message:  Time response: 5 ms Request ID: [35caf04c-6ae0-42d5-a343-1a5026ff61d8]

Started GET / for :: ::1 at Fri Feb 23 2024 01:21:18 GMT-0300 (hora estándar de Brasilia)
  Parameters in body: {}
Completed: 404 message:  Time response: 6 ms Request ID: [ae599f7d-068c-4b94-be2e-5db264ac6359]

Started GET / for :: ::1 at Fri Feb 23 2024 01:21:51 GMT-0300 (hora estándar de Brasilia)
  Parameters in body: {}
Completed: 404 message:  Time response: 6 ms Request ID: [cae564a0-d14b-4cb7-8f1a-4d6a4391d3b7]

Started GET / for :: ::1 at Fri Feb 23 2024 01:21:52 GMT-0300 (hora estándar de Brasilia)
  Parameters in body: {}
Completed: 404 message:  Time response: 1 ms Request ID: [2868247c-3a71-40c7-a8e0-76e7b44a20ca]

Started GET / for :: ::1 at Fri Feb 23 2024 01:21:53 GMT-0300 (hora estándar de Brasilia)
  Parameters in body: {}
Completed: 404 message:  Time response: 2 ms Request ID: [cc818e9d-c07b-4c62-b213-782697705412]

Started GET / for :: ::1 at Fri Feb 23 2024 01:21:53 GMT-0300 (hora estándar de Brasilia)
  Parameters in body: {}
Completed: 404 message:  Time response: 1 ms Request ID: [83690594-5f61-424a-8011-42079c511252]

Started GET / for :: ::1 at Fri Feb 23 2024 01:21:53 GMT-0300 (hora estándar de Brasilia)
  Parameters in body: {}
Completed: 404 message:  Time response: 1 ms Request ID: [622633a7-a9c4-4f65-807a-8a68c2b4bdf3]

Started GET / for :: ::1 at Fri Feb 23 2024 01:21:54 GMT-0300 (hora estándar de Brasilia)
  Parameters in body: {}
Completed: 404 message:  Time response: 1 ms Request ID: [0d4c77b4-5e8c-4299-a6df-3cc3bb1bc4db]

Started GET / for :: ::1 at Fri Feb 23 2024 01:21:54 GMT-0300 (hora estándar de Brasilia)
  Parameters in body: {}
Completed: 404 message:  Time response: 1 ms Request ID: [f79cb90e-780e-40e7-a2ff-6c1dec075106]

Started GET / for :: ::1 at Fri Feb 23 2024 01:24:19 GMT-0300 (hora estándar de Brasilia)
  Parameters in body: {}
Completed: 404 message:  Time response: 5 ms Request ID: [e8dfb46b-47aa-452a-a63b-c668d0444b0e]

Started GET / for :: ::1 at Fri Feb 23 2024 01:24:36 GMT-0300 (hora estándar de Brasilia)
  Parameters in body: {}
Completed: 404 message:  Time response: 5 ms Request ID: [1a9adbd0-e445-4cf3-8abd-8cd33aa69324]

Started GET /canciones for :: ::1 at Fri Feb 23 2024 01:24:39 GMT-0300 (hora estándar de Brasilia)
  Parameters in body: {}
Completed: 404 message:  Time response: 1 ms Request ID: [3565a13d-74c7-4704-9bd5-646fe957fdf1]

Started GET /canciones for :: ::1 at Fri Feb 23 2024 01:25:22 GMT-0300 (hora estándar de Brasilia)
  Parameters in body: {}
Completed: 404 message:  Time response: 5 ms Request ID: [8899fce2-1a09-480b-adc7-b5d6481d8113]

Started GET /canciones for :: ::1 at Fri Feb 23 2024 01:25:50 GMT-0300 (hora estándar de Brasilia)
  Parameters in body: {}
Completed: 404 message:  Time response: 5 ms Request ID: [91ffeb36-b14c-4fb0-a767-bc2d2154b83e]

Started GET /cancion for :: ::1 at Fri Feb 23 2024 01:25:53 GMT-0300 (hora estándar de Brasilia)
  Parameters in body: {}
Completed: 404 message:  Time response: 2 ms Request ID: [d9a94cbf-c7ec-4d63-b4a3-4e12b6b8f3f9]

Started GET /song for :: ::1 at Fri Feb 23 2024 01:25:56 GMT-0300 (hora estándar de Brasilia)
  Parameters in body: {}
Completed: 404 message:  Time response: 2 ms Request ID: [bfe80a53-c23f-4508-bed7-41d02b931ef4]

Started GET / for :: ::1 at Fri Feb 23 2024 01:26:09 GMT-0300 (hora estándar de Brasilia)
  Parameters in body: {}
Completed: 404 message:  Time response: 2 ms Request ID: [1d104416-27eb-4110-b7aa-b76b5ef05907]

Started GET / for :: ::1 at Fri Feb 23 2024 01:29:14 GMT-0300 (hora estándar de Brasilia)
  Parameters in body: {}
Completed: 500 message:  Time response: 6 ms Request ID: [667e26c0-f535-41cd-b661-f84c9b5ceee0]

Started GET / for :: ::1 at Fri Feb 23 2024 01:30:07 GMT-0300 (hora estándar de Brasilia)
  Parameters in body: {}
Completed: 500 message:  Time response: 6 ms Request ID: [86b8ae9e-feae-485b-bda6-573a35904675]

Started GET / for :: ::1 at Fri Feb 23 2024 01:30:08 GMT-0300 (hora estándar de Brasilia)
  Parameters in body: {}
Completed: 500 message:  Time response: 2 ms Request ID: [10b5ef32-6ed4-44dd-8883-d6ca4d8b6489]

Started GET / for :: ::1 at Fri Feb 23 2024 01:36:08 GMT-0300 (hora estándar de Brasilia)
  Parameters in body: {}
Completed: 500 message:  Time response: 5 ms Request ID: [ddae2a49-86df-42ef-ac38-073aa6e0cf97]

Started GET / for :: ::1 at Fri Feb 23 2024 01:37:20 GMT-0300 (hora estándar de Brasilia)
  Parameters in body: {}
Completed: 500 message:  Time response: 5 ms Request ID: [24502a7d-d2b7-4c94-9029-7efa782c0031]

Started GET / for :: ::1 at Fri Feb 23 2024 01:37:20 GMT-0300 (hora estándar de Brasilia)
  Parameters in body: {}
Completed: 500 message:  Time response: 2 ms Request ID: [238606db-529f-4303-aa14-8ff6763b32f8]

Started GET / for :: ::1 at Fri Feb 23 2024 01:37:53 GMT-0300 (hora estándar de Brasilia)
  Parameters in body: {}
Completed: 200 message:  Time response: 8 ms Request ID: [e8e09d63-acc9-4c0b-9409-45838efa6828]

Started GET /canciones for :: ::1 at Fri Feb 23 2024 01:37:54 GMT-0300 (hora estándar de Brasilia)
  Parameters in body: {}
Completed: 404 message:  Time response: 3 ms Request ID: [ec2407e5-33f1-4f86-a28d-62203cf536b5]

Started GET /favicon.ico for :: ::1 at Fri Feb 23 2024 01:37:54 GMT-0300 (hora estándar de Brasilia)
  Parameters in body: {}
Completed: 404 message:  Time response: 1 ms Request ID: [25a2caad-ebf5-4ec1-967c-fc441e3432d6]

Started POST /canciones for :: ::1 at Fri Feb 23 2024 01:38:02 GMT-0300 (hora estándar de Brasilia)
  Parameters in body: {"id":1905,"titulo":"A dios le pido","artista":"Juanes","tono":"Em"}
Completed: 404 message:  Time response: 2 ms Request ID: [f9d17048-fb09-465d-a86d-490c077a9529]

Started POST /canciones for :: ::1 at Fri Feb 23 2024 01:38:11 GMT-0300 (hora estándar de Brasilia)
  Parameters in body: {"id":4048,"titulo":"A dios le pido","artista":"Juanes","tono":"Em"}
Completed: 404 message:  Time response: 2 ms Request ID: [b4bb89ce-14c0-453a-9b3e-0e255adfa2ed]

Started GET / for :: ::1 at Fri Feb 23 2024 01:40:34 GMT-0300 (hora estándar de Brasilia)
  Parameters in body: {}
Completed: 304 message:  Time response: 5 ms Request ID: [543ac029-9a88-48aa-804d-ce547424ee25]

Started GET /canciones for :: ::1 at Fri Feb 23 2024 01:40:34 GMT-0300 (hora estándar de Brasilia)
  Parameters in body: {}
Completed: 404 message:  Time response: 2 ms Request ID: [5337a786-b077-494e-81a0-87cf4830c5a3]

Started POST /canciones for :: ::1 at Fri Feb 23 2024 01:40:35 GMT-0300 (hora estándar de Brasilia)
  Parameters in body: {"id":952,"titulo":"A dios le pido","artista":"Juanes","tono":"Em"}
Completed: 404 message:  Time response: 2 ms Request ID: [23eb5a5f-52e3-4ab1-8b8e-b50bf515afa0]

Started PUT /canciones/undefined for :: ::1 at Fri Feb 23 2024 01:40:36 GMT-0300 (hora estándar de Brasilia)
  Parameters in body: {"titulo":"A dios le pido","artista":"Juanes","tono":"Em"}
Completed: 404 message:  Time response: 2 ms Request ID: [72d99fd1-8657-42cf-9665-265fbd6fd823]

Started POST /canciones for :: ::1 at Fri Feb 23 2024 01:40:38 GMT-0300 (hora estándar de Brasilia)
  Parameters in body: {"id":2783,"titulo":"A dios le pido","artista":"Juanes","tono":"Em"}
Completed: 404 message:  Time response: 1 ms Request ID: [ae55e41e-7330-4f43-bca8-16dfd864b47f]

Started POST /canciones for :: ::1 at Fri Feb 23 2024 01:40:38 GMT-0300 (hora estándar de Brasilia)
  Parameters in body: {"id":3382,"titulo":"A dios le pido","artista":"Juanes","tono":"Em"}
Completed: 404 message:  Time response: 1 ms Request ID: [8038e802-4f26-4d09-a956-069ea20ec355]

Started POST /canciones for :: ::1 at Fri Feb 23 2024 01:40:38 GMT-0300 (hora estándar de Brasilia)
  Parameters in body: {"id":4902,"titulo":"A dios le pido","artista":"Juanes","tono":"Em"}
Completed: 404 message:  Time response: 1 ms Request ID: [d3f8e773-c83c-4616-b99c-d166da6aa3d5]

Started POST /canciones for :: ::1 at Fri Feb 23 2024 01:40:38 GMT-0300 (hora estándar de Brasilia)
  Parameters in body: {"id":2094,"titulo":"A dios le pido","artista":"Juanes","tono":"Em"}
Completed: 404 message:  Time response: 1 ms Request ID: [20393c7f-acb0-41a7-abbb-99718c7ac136]

Started GET / for :: ::1 at Fri Feb 23 2024 02:02:02 GMT-0300 (hora estándar de Brasilia)
  Parameters in body: {}
Completed: 404 message:  Time response: 5 ms Request ID: [7760e42f-2364-4efd-bdd8-bafad0228816]

Started GET / for :: ::1 at Fri Feb 23 2024 02:06:03 GMT-0300 (hora estándar de Brasilia)
  Parameters in body: {}
Completed: 200 message:  Time response: 6 ms Request ID: [61f7fb20-6207-4b19-8c2a-5f440f44de29]

Started GET /canciones for :: ::1 at Fri Feb 23 2024 02:06:03 GMT-0300 (hora estándar de Brasilia)
  Parameters in body: {}
Completed: 404 message:  Time response: 4 ms Request ID: [820bfbb7-79f8-407c-bdb3-62188741a3f5]

Started POST /canciones for :: ::1 at Fri Feb 23 2024 02:06:05 GMT-0300 (hora estándar de Brasilia)
  Parameters in body: {"id":60,"titulo":"A dios le pido","artista":"Juanes","tono":"Em"}
Completed: 404 message:  Time response: 2 ms Request ID: [7c76a517-4b8a-4daa-ad4f-5269d8ea1c00]

Started GET /canciones for :: ::1 at Fri Feb 23 2024 02:06:28 GMT-0300 (hora estándar de Brasilia)
  Parameters in body: {}
Completed: 404 message:  Time response: 1 ms Request ID: [a329e895-b3b7-4899-8c7f-984d14f31841]

Started POST /canciones for :: ::1 at Fri Feb 23 2024 02:10:37 GMT-0300 (hora estándar de Brasilia)
  Parameters in body: {"id":6526,"titulo":"A dios le pido","artista":"Juanes","tono":"Em"}
Completed: 404 message:  Time response: 4 ms Request ID: [1559f3c5-3a50-48e4-bbd9-153c1b9d4e99]

Started GET / for :: ::1 at Fri Feb 23 2024 02:10:47 GMT-0300 (hora estándar de Brasilia)
  Parameters in body: {}
Completed: 304 message:  Time response: 5 ms Request ID: [82da4623-f5ae-4250-aa17-836aa25b9c60]

Started GET /canciones for :: ::1 at Fri Feb 23 2024 02:10:47 GMT-0300 (hora estándar de Brasilia)
  Parameters in body: {}
Completed: 404 message:  Time response: 4 ms Request ID: [381e58e0-52e5-4c79-88e8-e0d714490178]

Started POST /canciones for :: ::1 at Fri Feb 23 2024 02:10:52 GMT-0300 (hora estándar de Brasilia)
  Parameters in body: {"id":981,"titulo":"A dios le pido","artista":"Juanes","tono":"Em"}
Completed: 404 message:  Time response: 2 ms Request ID: [8f809c39-bfc9-4581-8f9e-2dc69e93c757]

Started GET / for :: ::ffff:127.0.0.1 at Fri Feb 23 2024 02:11:24 GMT-0300 (hora estándar de Brasilia)
  Parameters in body: {}
Completed: 200 message:  Time response: 3 ms Request ID: [3597fa26-db8a-44a1-8220-b9382186b6d6]

Started GET /canciones for :: ::ffff:127.0.0.1 at Fri Feb 23 2024 02:11:34 GMT-0300 (hora estándar de Brasilia)
  Parameters in body: {}
Completed: 404 message:  Time response: 2 ms Request ID: [c9920871-70cd-4c3a-948d-e5acca9664ea]

Started GET / for :: ::1 at Fri Feb 23 2024 02:19:15 GMT-0300 (hora estándar de Brasilia)
  Parameters in body: {}
Completed: 304 message:  Time response: 5 ms Request ID: [8ed27c16-9cbd-42ee-aec3-3c097dca2003]

Started GET /canciones for :: ::1 at Fri Feb 23 2024 02:19:15 GMT-0300 (hora estándar de Brasilia)
  Parameters in body: {}
Completed: 404 message:  Time response: 4 ms Request ID: [5d83d55f-c049-475f-ad01-9117590dad04]

Started GET / for :: ::1 at Fri Feb 23 2024 02:19:16 GMT-0300 (hora estándar de Brasilia)
  Parameters in body: {}
Completed: 304 message:  Time response: 2 ms Request ID: [43d01410-c795-4981-bfb2-d3effd6c9df9]

Started GET /canciones for :: ::1 at Fri Feb 23 2024 02:19:16 GMT-0300 (hora estándar de Brasilia)
  Parameters in body: {}
Completed: 404 message:  Time response: 2 ms Request ID: [94901d45-1aff-407d-8886-b63951ffe512]

Started GET / for :: ::1 at Fri Feb 23 2024 02:19:16 GMT-0300 (hora estándar de Brasilia)
  Parameters in body: {}
Completed: 304 message:  Time response: 1 ms Request ID: [51bb8344-cd09-4502-b577-9a0ccb604332]

Started GET /canciones for :: ::1 at Fri Feb 23 2024 02:19:16 GMT-0300 (hora estándar de Brasilia)
  Parameters in body: {}
Completed: 404 message:  Time response: 2 ms Request ID: [6dfb2566-7121-4b21-bec0-71ba4d52f796]

Started GET / for :: ::1 at Fri Feb 23 2024 02:19:17 GMT-0300 (hora estándar de Brasilia)
  Parameters in body: {}
Completed: 304 message:  Time response: 2 ms Request ID: [0ddd7801-f780-429d-af7f-729cf12b804b]

Started GET /canciones for :: ::1 at Fri Feb 23 2024 02:19:17 GMT-0300 (hora estándar de Brasilia)
  Parameters in body: {}
Completed: 404 message:  Time response: 2 ms Request ID: [a3afe09f-a552-4b67-a926-3647b4f85407]

Started POST /canciones for :: ::1 at Fri Feb 23 2024 02:19:18 GMT-0300 (hora estándar de Brasilia)
  Parameters in body: {"id":8987,"titulo":"A dios le pido","artista":"Juanes","tono":"Em"}
Completed: 404 message:  Time response: 1 ms Request ID: [86bddff8-a226-454d-8f5f-54ab8b9d5d6b]

Started GET / for :: ::1 at Fri Feb 23 2024 02:19:46 GMT-0300 (hora estándar de Brasilia)
  Parameters in body: {}
Completed: 304 message:  Time response: 5 ms Request ID: [82e1435c-c26b-46e8-b0b8-ef7b862d9888]

Started GET /canciones for :: ::1 at Fri Feb 23 2024 02:19:46 GMT-0300 (hora estándar de Brasilia)
  Parameters in body: {}
Completed: 404 message:  Time response: 3 ms Request ID: [7f8bd8d3-c640-42f2-beda-ba62a1062848]

Started GET / for :: ::1 at Fri Feb 23 2024 02:20:15 GMT-0300 (hora estándar de Brasilia)
  Parameters in body: {}
Completed: 304 message:  Time response: 5 ms Request ID: [8bcdc63f-c0c1-4a78-885a-949a7a228c4b]

Started GET /canciones for :: ::1 at Fri Feb 23 2024 02:20:16 GMT-0300 (hora estándar de Brasilia)
  Parameters in body: {}
Completed: 404 message:  Time response: 4 ms Request ID: [fb79d445-269d-4fc3-81fa-ca8b4f6dc512]

Started GET / for :: ::1 at Fri Feb 23 2024 02:21:11 GMT-0300 (hora estándar de Brasilia)
  Parameters in body: {}
Completed: 304 message:  Time response: 5 ms Request ID: [1d2e8ab5-d43b-44b2-8713-af0f36d473f4]

Started GET /canciones for :: ::1 at Fri Feb 23 2024 02:21:11 GMT-0300 (hora estándar de Brasilia)
  Parameters in body: {}
Completed: 404 message:  Time response: 5 ms Request ID: [e4ec60ee-d35e-4165-a40f-2f40e35d0117]

Started GET / for :: ::1 at Fri Feb 23 2024 02:21:16 GMT-0300 (hora estándar de Brasilia)
  Parameters in body: {}
Completed: 304 message:  Time response: 5 ms Request ID: [56f3b0ad-e9df-44bf-a3a0-a7c527b18c70]

Started GET /canciones for :: ::1 at Fri Feb 23 2024 02:21:16 GMT-0300 (hora estándar de Brasilia)
  Parameters in body: {}
Completed: 404 message:  Time response: 3 ms Request ID: [1d0eaab0-41f7-4aa9-b495-83fd27f82f8e]

Started GET / for :: ::1 at Fri Feb 23 2024 02:21:17 GMT-0300 (hora estándar de Brasilia)
  Parameters in body: {}
Completed: 304 message:  Time response: 2 ms Request ID: [67791b61-3133-4ee9-a487-9dd233fda3d7]

Started GET /canciones for :: ::1 at Fri Feb 23 2024 02:21:17 GMT-0300 (hora estándar de Brasilia)
  Parameters in body: {}
Completed: 404 message:  Time response: 3 ms Request ID: [d26b6c94-20ea-4d56-b00f-e7a8e41fa322]

Started POST /canciones for :: ::1 at Fri Feb 23 2024 02:21:20 GMT-0300 (hora estándar de Brasilia)
  Parameters in body: {"id":4150,"titulo":"A dios le pido","artista":"Juanes","tono":"Em"}
Completed: 404 message:  Time response: 1 ms Request ID: [d48630bc-bc9b-416d-899b-2628819c6b5e]

Started POST /canciones for :: ::1 at Fri Feb 23 2024 02:21:21 GMT-0300 (hora estándar de Brasilia)
  Parameters in body: {"id":2765,"titulo":"A dios le pido","artista":"Juanes","tono":"Em"}
Completed: 404 message:  Time response: 1 ms Request ID: [60207010-f0e2-44f6-8429-146fd4a6f251]

Started POST /canciones for :: ::1 at Fri Feb 23 2024 02:21:26 GMT-0300 (hora estándar de Brasilia)
  Parameters in body: {"id":7530,"titulo":"A dios le pido","artista":"Juanes","tono":"Em"}
Completed: 404 message:  Time response: 1 ms Request ID: [c2c72b74-07bb-45a0-b952-b10377b8f00b]

Started POST /canciones for :: ::1 at Fri Feb 23 2024 02:21:28 GMT-0300 (hora estándar de Brasilia)
  Parameters in body: {"id":9023,"titulo":"A dios le pido","artista":"Juanes","tono":"Em"}
Completed: 404 message:  Time response: 1 ms Request ID: [926c423a-5fc4-41d5-aa8c-ccff5d021e59]

Started GET / for :: ::1 at Fri Feb 23 2024 02:23:06 GMT-0300 (hora estándar de Brasilia)
  Parameters in body: {}
Completed: 304 message:  Time response: 5 ms Request ID: [7a424251-bee8-4ac4-99a4-578a8fe46d0c]

Started GET /canciones for :: ::1 at Fri Feb 23 2024 02:23:06 GMT-0300 (hora estándar de Brasilia)
  Parameters in body: {}
Completed: 500 message:  Time response: 4 ms Request ID: [e7bd2aed-1c9d-494e-a6da-e445f466cb84]

Started POST /canciones for :: ::1 at Fri Feb 23 2024 02:23:07 GMT-0300 (hora estándar de Brasilia)
  Parameters in body: {"id":7599,"titulo":"A dios le pido","artista":"Juanes","tono":"Em"}
Completed: 201 message:  Time response: 3 ms Request ID: [b43917ea-13a3-4387-a06a-56a552ac5bd7]

Started GET /canciones for :: ::1 at Fri Feb 23 2024 02:23:07 GMT-0300 (hora estándar de Brasilia)
  Parameters in body: {}
Completed: 500 message:  Time response: 1 ms Request ID: [c6a09fe4-faa4-4078-a019-4b1a802ab7e8]

Started POST /canciones for :: ::1 at Fri Feb 23 2024 02:23:16 GMT-0300 (hora estándar de Brasilia)
  Parameters in body: {"id":3162,"titulo":"A dios le pido","artista":"Juanes","tono":"Em"}
Completed: 201 message:  Time response: 5 ms Request ID: [4f435c57-beb2-4f51-9757-7dfdeca15042]

Started GET /canciones for :: ::1 at Fri Feb 23 2024 02:23:16 GMT-0300 (hora estándar de Brasilia)
  Parameters in body: {}
Completed: 500 message:  Time response: 2 ms Request ID: [7f5b8a15-1c7c-43be-bf57-8916cde51cbe]

Started POST /canciones for :: ::1 at Fri Feb 23 2024 02:23:17 GMT-0300 (hora estándar de Brasilia)
  Parameters in body: {"id":1729,"titulo":"A dios le pido","artista":"Juanes","tono":"Em"}
Completed: 201 message:  Time response: 6 ms Request ID: [65457171-01ea-468d-82ad-1c2081e4c178]

Started GET /canciones for :: ::1 at Fri Feb 23 2024 02:23:17 GMT-0300 (hora estándar de Brasilia)
  Parameters in body: {}
Completed: 500 message:  Time response: 2 ms Request ID: [d9d8193d-b4ab-4791-a364-51a3ea60a62b]

Started POST /canciones for :: ::1 at Fri Feb 23 2024 02:23:17 GMT-0300 (hora estándar de Brasilia)
  Parameters in body: {"id":9902,"titulo":"A dios le pido","artista":"Juanes","tono":"Em"}
Completed: 201 message:  Time response: 6 ms Request ID: [25002963-fc9a-44d0-b1fa-4da04fb0f73a]

Started POST /canciones for :: ::1 at Fri Feb 23 2024 02:23:17 GMT-0300 (hora estándar de Brasilia)
  Parameters in body: {"id":1439,"titulo":"A dios le pido","artista":"Juanes","tono":"Em"}
Started GET /canciones for :: ::1 at Fri Feb 23 2024 02:23:17 GMT-0300 (hora estándar de Brasilia)
  Parameters in body: {}
Completed: 201 message:  Time response: 3 ms Request ID: [4f45f8a5-bc07-47cf-806b-05e326aa451e]

Completed: 500 message:  Time response: 4 ms Request ID: [76876677-45b2-45ba-b733-d5bc93c45466]

Started GET /canciones for :: ::1 at Fri Feb 23 2024 02:23:17 GMT-0300 (hora estándar de Brasilia)
  Parameters in body: {}
Completed: 500 message:  Time response: 2 ms Request ID: [4e0400c9-454b-4800-b988-f2e2a34580c5]

Started POST /canciones for :: ::1 at Fri Feb 23 2024 02:23:17 GMT-0300 (hora estándar de Brasilia)
  Parameters in body: {"id":3301,"titulo":"A dios le pido","artista":"Juanes","tono":"Em"}
Completed: 201 message:  Time response: 7 ms Request ID: [532b7300-ea08-49da-93db-e775ec01a614]

Started GET /canciones for :: ::1 at Fri Feb 23 2024 02:23:17 GMT-0300 (hora estándar de Brasilia)
  Parameters in body: {}
Completed: 500 message:  Time response: 5 ms Request ID: [3f1cb802-1356-46fd-b520-642d6c77a969]

Started POST /canciones for :: ::1 at Fri Feb 23 2024 02:24:00 GMT-0300 (hora estándar de Brasilia)
  Parameters in body: {"id":3894,"titulo":"Arrancamelo","artista":"Wos","tono":"Em"}
Completed: 201 message:  Time response: 5 ms Request ID: [87041174-f013-46e2-b58b-885b52c6fd49]

Started GET /canciones for :: ::1 at Fri Feb 23 2024 02:24:00 GMT-0300 (hora estándar de Brasilia)
  Parameters in body: {}
Completed: 500 message:  Time response: 1 ms Request ID: [afe59230-d876-4532-9d6c-214931bb751a]

Started POST /canciones for :: ::1 at Fri Feb 23 2024 02:24:31 GMT-0300 (hora estándar de Brasilia)
  Parameters in body: {"id":4138,"titulo":"Arrancamelo","artista":"Wos","tono":"Em"}
Completed: 201 message:  Time response: 6 ms Request ID: [da4900b5-1561-49a8-905c-0d05dcee7695]

Started GET /canciones for :: ::1 at Fri Feb 23 2024 02:24:31 GMT-0300 (hora estándar de Brasilia)
  Parameters in body: {}
Completed: 200 message:  Time response: 1 ms Request ID: [96a0f521-b8dd-4820-a2d3-5234b3774d22]

Started POST /canciones for :: ::1 at Fri Feb 23 2024 02:24:57 GMT-0300 (hora estándar de Brasilia)
  Parameters in body: {"id":4598,"titulo":"Va a Doler","artista":"Erich","tono":"C"}
Completed: 201 message:  Time response: 5 ms Request ID: [d0f57bef-976e-42b0-955a-93fbd290326e]

Started GET /canciones for :: ::1 at Fri Feb 23 2024 02:24:57 GMT-0300 (hora estándar de Brasilia)
  Parameters in body: {}
Completed: 200 message:  Time response: 2 ms Request ID: [6c649743-407a-414b-b5b7-29f68805cd1b]

Started GET /canciones for :: ::ffff:127.0.0.1 at Fri Feb 23 2024 02:29:20 GMT-0300 (hora estándar de Brasilia)
  Parameters in body: {}
Completed: 200 message:  Time response: 5 ms Request ID: [a75d371b-12ad-4100-b496-5564845c3c26]

Started POST /canciones for :: ::ffff:127.0.0.1 at Fri Feb 23 2024 02:30:00 GMT-0300 (hora estándar de Brasilia)
  Parameters in body: {"id":1,"titulo":"Brujulao","artista":"Siddartha","tono":"Em"}
Completed: 201 message:  Time response: 2 ms Request ID: [37d00d0c-a799-4377-bd1e-43529966f6a2]
